
* вал

use Zaliz::DB::Prop;
use Zaliz::Inflect qw(inflect);
Zaliz::DB::Prop::load_words();
use Data::Dumper;
#  print Dumper(Zaliz::DB::Prop::get_wi("вал"));
map {
  print Dumper($_),"\n";
  my ($wi, $wfh) = Zaliz::Inflect::wi2paradigm($_);
  print Dumper($wi),"\n";
  print Dumper($wfh),"\n";
} Zaliz::DB::Prop::get_wi("вал");

$VAR1 = [
          {
            'a' => 2,
            'р' => 'м',
            'п2' => 'на',
            's' => 'с',
            'у1' => 'c',
            'w' => 'вал',
            'и' => 1,
            'к' => 'земляная насыпь, волна; стержень'
          }
        ];

$VAR1 = [
          {
            'a' => 2,
            'a1' => 2,
            'п2' => 'на',
            'р' => 'м',
            'a2' => '',
            's' => 'с',
            's2' => 'с',
            'wfi' => 'см1н',
            'у1' => 'c',
            'w' => 'вал',
            'wb' => 'вал',
            'и' => 1,
            'и2' => 1,
            'к' => 'земляная насыпь, волна; стержень',
            'о' => 'н',
            'рм' => 'м'
          }
        ];

$VAR1 = {
          'тм' => [
                    {
                      'a' => 4,
                      'w' => 'валами'
                    }
                  ],
          'дм' => [
                    {
                      'a' => 4,
                      'w' => 'валам'
                    }
                  ],
          'те' => [
                    {
                      'a' => 2,
                      'w' => 'валом'
                    }
                  ],
          'де' => [
                    {
                      'a' => 2,
                      'w' => 'валу'
                    }
                  ],
          'вм' => [
                    {
                      'a' => 4,
                      'w' => 'валы'
                    }
                  ],
          'ве' => [
                    {
                      'a' => 2,
                      'w' => 'вал'
                    }
                  ],
          'пм' => [
                    {
                      'a' => 4,
                      'w' => 'валах'
                    }
                  ],
          'пе' => [
                    {
                      'a' => 2,
                      'w' => 'вале'
                    },
                    {
                      'a' => 4,
                      'п2' => 'на',
                      'w' => 'валу'
                    }
                  ],
          'им' => [
                    {
                      'a' => 4,
                      'w' => 'валы'
                    }
                  ],
          'ие' => [
                    {
                      'a' => 2,
                      'w' => 'вал'
                    }
                  ],
          'рм' => [
                    {
                      'a' => 4,
                      'w' => 'валов'
                    }
                  ],
          'ре' => [
                    {
                      'a' => 2,
                      'w' => 'вала'
                    }
                  ]
        };

$VAR1 = [
          {
            'p' => '.м',
            'a' => 2,
            'р' => 'м',
            's' => 'с',
            'у1' => 'a',
            'w' => 'вал',
            'и' => 1,
            'к' => 'общая стоимость продукции'
          }
        ];

$VAR1 = [
          {
            'p' => '.м',
            'a' => 2,
            'a1' => 2,
            'р' => 'м',
            'a2' => '',
            's' => 'с',
            's2' => 'с',
            'wfi' => 'см1н',
            'у1' => 'a',
            'w' => 'вал',
            'wb' => 'вал',
            'и' => 1,
            'и2' => 1,
            'к' => 'общая стоимость продукции',
            'о' => 'н',
            'рм' => 'м'
          }
        ];

$VAR1 = {
          'тм' => [
                    {
                      'x' => 'p',
                      'a' => 2,
                      'w' => 'валами'
                    }
                  ],
          'дм' => [
                    {
                      'x' => 'p',
                      'a' => 2,
                      'w' => 'валам'
                    }
                  ],
          'те' => [
                    {
                      'a' => 2,
                      'w' => 'валом'
                    }
                  ],
          'де' => [
                    {
                      'a' => 2,
                      'w' => 'валу'
                    }
                  ],
          'вм' => [
                    {
                      'x' => 'p',
                      'a' => 2,
                      'w' => 'валы'
                    }
                  ],
          'ве' => [
                    {
                      'a' => 2,
                      'w' => 'вал'
                    }
                  ],
          'пм' => [
                    {
                      'x' => 'p',
                      'a' => 2,
                      'w' => 'валах'
                    }
                  ],
          'пе' => [
                    {
                      'a' => 2,
                      'w' => 'вале'
                    }
                  ],
          'им' => [
                    {
                      'x' => 'p',
                      'a' => 2,
                      'w' => 'валы'
                    }
                  ],
          'ие' => [
                    {
                      'a' => 2,
                      'w' => 'вал'
                    }
                  ],
          'рм' => [
                    {
                      'x' => 'p',
                      'a' => 2,
                      'w' => 'валов'
                    }
                  ],
          'ре' => [
                    {
                      'a' => 2,
                      'w' => 'вала'
                    }
                  ]
        };

* ветер

perl -e 'use Zaliz::DB::Prop;
use Zaliz::Inflect qw(inflect);
Zaliz::DB::Prop::load_words();
use Data::Dumper;
map {
  print Dumper($_),"\n";
  my ($wi, $wfh) = Zaliz::Inflect::wi2paradigm($_);
  print Dumper($wi),"\n";
  print Dumper($wfh),"\n";
} Zaliz::DB::Prop::get_wi("ветер");
'
$VAR1 = [
          {
            'фр' => 'до вЕтру; рОза ветрОв (_метеорологич. понятие_); бросАть словА нА ветер [//на вЕтер]; развЕять (пустИть _и т.п._) пО ветру [//по вЕтру]; держАть нОс пО ветру (_в перен.знач._)',
            'и' => 1,
            'a' => 2,
            'р' => 'м',
            'п2' => 'на',
            's' => 'с',
            'ч' => ':',
            'у1' => 'e',
            'v' => 1,
            'w' => 'ветер'
          },
          {
            'фр' => 'до вЕтру; рОза ветрОв (_метеорологич. понятие_); бросАть словА нА ветер [//на вЕтер]; развЕять (пустИть _и т.п._) пО ветру [//по вЕтру]; держАть нОс пО ветру (_в перен.знач._)',
            'и' => 1,
            'a' => 2,
            'р' => 'м',
            'п2' => 'на',
            's' => 'с',
            'ч' => ':',
            'у1' => 'a',
            'v' => 2,
            'w' => 'ветер'
          },
          {
            'и' => 1,
            'a' => 2,
            'р' => 'м',
            'п2' => 'на',
            'ос' => 1,
            's' => 'с',
            'ч' => ':',
            'у1' => 'c',
            'к3' => 'поэт._',
            'v' => 3,
            'w' => 'ветер'
          }
        ];

$VAR1 = [
          {
            'a' => 2,
            'a1' => 2,
            'п2' => 'на',
            'р' => 'м',
            'a2' => '',
            's' => 'с',
            's2' => 'с',
            'wfi' => 'см1н',
            'v' => 1,
            'у1' => 'e',
            'w' => 'ветер',
            'фр' => 'до вЕтру; рОза ветрОв (_метеорологич. понятие_); бросАть словА нА ветер [//на вЕтер]; развЕять (пустИть _и т.п._) пО ветру [//по вЕтру]; держАть нОс пО ветру (_в перен.знач._)',
            'wb' => 'ветр',
            'и' => 1,
            'и2' => 1,
            'wb2' => 'ветер',
            'ч' => ':',
            'о' => 'н',
            'рм' => 'м'
          },
          {
            'a' => 2,
            'a1' => 2,
            'п2' => 'на',
            'р' => 'м',
            'a2' => '',
            's' => 'с',
            's2' => 'с',
            'wfi' => 'см1н',
            'v' => 2,
            'у1' => 'a',
            'w' => 'ветер',
            'фр' => 'до вЕтру; рОза ветрОв (_метеорологич. понятие_); бросАть словА нА ветер [//на вЕтер]; развЕять (пустИть _и т.п._) пО ветру [//по вЕтру]; держАть нОс пО ветру (_в перен.знач._)',
            'wb' => 'ветр',
            'и' => 1,
            'и2' => 1,
            'wb2' => 'ветер',
            'ч' => ':',
            'о' => 'н',
            'рм' => 'м'
          },
          {
            'a' => 2,
            'a1' => 2,
            'ос' => 1,
            'п2' => 'на',
            'р' => 'м',
            'a2' => '',
            's' => 'с',
            's2' => 'с',
            'wfi' => 'см1н',
            'v' => 3,
            'у1' => 'c',
            'w' => 'ветер',
            'wb' => 'ветр',
            'и' => 1,
            'и2' => 1,
            'wb2' => 'ветер',
            'ч' => ':',
            'к3' => 'поэт._',
            'о' => 'н',
            'рм' => 'м'
          }
        ];

$VAR1 = {
          'тм' => [
                    {
                      'a' => 5,
                      'w' => 'ветрами'
                    },
                    {
                      'a' => 2,
                      'w' => 'ветрами'
                    }
                  ],
          'дм' => [
                    {
                      'a' => 5,
                      'w' => 'ветрам'
                    },
                    {
                      'a' => 2,
                      'w' => 'ветрам'
                    }
                  ],
          'те' => [
                    {
                      'a' => 2,
                      'w' => 'ветром'
                    }
                  ],
          'де' => [
                    {
                      'a' => 2,
                      'w' => 'ветру'
                    }
                  ],
          'вм' => [
                    {
                      'a' => 2,
                      'w' => 'ветры'
                    },
                    {
                      'a' => 5,
                      'w' => 'ветра'
                    }
                  ],
          'ве' => [
                    {
                      'a' => 2,
                      'w' => 'ветер'
                    }
                  ],
          'пм' => [
                    {
                      'a' => 5,
                      'w' => 'ветрах'
                    },
                    {
                      'a' => 2,
                      'w' => 'ветрах'
                    }
                  ],
          'пе' => [
                    {
                      'a' => 2,
                      'w' => 'ветре'
                    },
                    {
                      'a' => 5,
                      'п2' => 'на',
                      'w' => 'ветру'
                    }
                  ],
          'им' => [
                    {
                      'a' => 2,
                      'w' => 'ветры'
                    },
                    {
                      'a' => 5,
                      'w' => 'ветра'
                    }
                  ],
          'ие' => [
                    {
                      'a' => 2,
                      'w' => 'ветер'
                    }
                  ],
          'рм' => [
                    {
                      'a' => 5,
                      'w' => 'ветров'
                    },
                    {
                      'a' => 2,
                      'w' => 'ветров'
                    }
                  ],
          'ре' => [
                    {
                      'a' => 2,
                      'w' => 'ветра'
                    }
                  ]
        };

* волна

perl -e 'use Zaliz::DB::Prop;
use Zaliz::Inflect qw(inflect);
Zaliz::DB::Prop::load_words();
use Data::Dumper;
map {
  print Dumper($_),"\n";
  my ($wi, $wfh) = Zaliz::Inflect::wi2paradigm($_);
  print Dumper($wi),"\n";
  print Dumper($wfh),"\n";
} Zaliz::DB::Prop::get_wi("волна");
'
$VAR1 = [
          {
            'и' => 1,
            'a' => 5,
            'р' => 'ж',
            'к' => 'водяной вал и т.д.',
            's' => 'с',
            'у1' => 'f',
            'v' => 1,
            'w' => 'волна'
          },
          {
            'и' => 1,
            'a' => 5,
            'р' => 'ж',
            'к' => 'водяной вал и т.д.',
            's' => 'с',
            'у1' => 'd',
            'v' => 2,
            'w' => 'волна'
          }
        ];

$VAR1 = [
          {
            'a' => 5,
            'a1' => 5,
            'р' => 'ж',
            'a2' => '',
            's' => 'с',
            's2' => 'с',
            'wfi' => 'сж1н',
            'v' => 1,
            'у1' => 'f',
            'w' => 'волна',
            'wb' => 'волн',
            'и' => 1,
            'и2' => 1,
            'к' => 'водяной вал и т.д.',
            'о' => 'н',
            'рм' => 'ж'
          },
          {
            'a' => 5,
            'a1' => 5,
            'р' => 'ж',
            'a2' => '',
            's' => 'с',
            's2' => 'с',
            'wfi' => 'сж1н',
            'v' => 2,
            'у1' => 'd',
            'w' => 'волна',
            'wb' => 'волн',
            'и' => 1,
            'и2' => 1,
            'к' => 'водяной вал и т.д.',
            'о' => 'н',
            'рм' => 'ж'
          }
        ];

$VAR1 = {
          'тм' => [
                    {
                      'a' => 5,
                      'w' => 'волнами'
                    },
                    {
                      'a' => 2,
                      'w' => 'волнами'
                    }
                  ],
          'дм' => [
                    {
                      'a' => 5,
                      'w' => 'волнам'
                    },
                    {
                      'a' => 2,
                      'w' => 'волнам'
                    }
                  ],
          'те' => [
                    {
                      'a' => 5,
                      'w' => 'волной'
                    },
                    {
                      'a' => 5,
                      'w' => 'волною'
                    }
                  ],
          'де' => [
                    {
                      'a' => 5,
                      'w' => 'волне'
                    }
                  ],
          'вм' => [
                    {
                      'a' => 2,
                      'w' => 'волны'
                    }
                  ],
          'ве' => [
                    {
                      'a' => 5,
                      'w' => 'волну'
                    }
                  ],
          'пм' => [
                    {
                      'a' => 5,
                      'w' => 'волнах'
                    },
                    {
                      'a' => 2,
                      'w' => 'волнах'
                    }
                  ],
          'пе' => [
                    {
                      'a' => 5,
                      'w' => 'волне'
                    }
                  ],
          'им' => [
                    {
                      'a' => 2,
                      'w' => 'волны'
                    }
                  ],
          'ие' => [
                    {
                      'a' => 5,
                      'w' => 'волна'
                    }
                  ],
          'рм' => [
                    {
                      'a' => 2,
                      'w' => 'волн'
                    }
                  ],
          'ре' => [
                    {
                      'a' => 5,
                      'w' => 'волны'
                    }
                  ]
        };

$VAR1 = [
          {
            'p' => '.м',
            'a' => 5,
            'р' => 'ж',
            's' => 'с',
            'у1' => 'd',
            'v' => 1,
            'w' => 'волна',
            'и' => 1,
            'к' => 'шерсть'
          },
          {
            'и' => 1,
            'a' => 2,
            'р' => 'ж',
            'к' => 'шерсть',
            's' => 'с',
            'у1' => 'a',
            'v' => 2,
            'w' => 'волна'
          }
        ];

$VAR1 = [
          {
            'p' => '.м',
            'a' => 5,
            'a1' => 5,
            'р' => 'ж',
            'a2' => '',
            's' => 'с',
            's2' => 'с',
            'wfi' => 'сж1н',
            'v' => 1,
            'у1' => 'd',
            'w' => 'волна',
            'wb' => 'волн',
            'и' => 1,
            'и2' => 1,
            'к' => 'шерсть',
            'о' => 'н',
            'рм' => 'ж'
          },
          {
            'a' => 2,
            'a1' => 2,
            'р' => 'ж',
            'a2' => '',
            's' => 'с',
            's2' => 'с',
            'wfi' => 'сж1н',
            'v' => 2,
            'у1' => 'a',
            'w' => 'волна',
            'wb' => 'волн',
            'и' => 1,
            'и2' => 1,
            'к' => 'шерсть',
            'о' => 'н',
            'рм' => 'ж'
          }
        ];

$VAR1 = {
          'тм' => [
                    {
                      'x' => 'p',
                      'a' => 2,
                      'w' => 'волнами'
                    },
                    {
                      'a' => 2,
                      'w' => 'волнами'
                    }
                  ],
          'дм' => [
                    {
                      'x' => 'p',
                      'a' => 2,
                      'w' => 'волнам'
                    },
                    {
                      'a' => 2,
                      'w' => 'волнам'
                    }
                  ],
          'те' => [
                    {
                      'a' => 5,
                      'w' => 'волной'
                    },
                    {
                      'a' => 5,
                      'w' => 'волною'
                    },
                    {
                      'a' => 2,
                      'w' => 'волной'
                    },
                    {
                      'a' => 2,
                      'w' => 'волною'
                    }
                  ],
          'де' => [
                    {
                      'a' => 5,
                      'w' => 'волне'
                    },
                    {
                      'a' => 2,
                      'w' => 'волне'
                    }
                  ],
          'вм' => [
                    {
                      'x' => 'p',
                      'a' => 2,
                      'w' => 'волны'
                    },
                    {
                      'a' => 2,
                      'w' => 'волны'
                    }
                  ],
          'ве' => [
                    {
                      'a' => 5,
                      'w' => 'волну'
                    },
                    {
                      'a' => 2,
                      'w' => 'волну'
                    }
                  ],
          'пм' => [
                    {
                      'x' => 'p',
                      'a' => 2,
                      'w' => 'волнах'
                    },
                    {
                      'a' => 2,
                      'w' => 'волнах'
                    }
                  ],
          'пе' => [
                    {
                      'a' => 5,
                      'w' => 'волне'
                    },
                    {
                      'a' => 2,
                      'w' => 'волне'
                    }
                  ],
          'им' => [
                    {
                      'x' => 'p',
                      'a' => 2,
                      'w' => 'волны'
                    },
                    {
                      'a' => 2,
                      'w' => 'волны'
                    }
                  ],
          'ие' => [
                    {
                      'a' => 5,
                      'w' => 'волна'
                    },
                    {
                      'a' => 2,
                      'w' => 'волна'
                    }
                  ],
          'рм' => [
                    {
                      'x' => 'p',
                      'a' => 2,
                      'w' => 'волн'
                    },
                    {
                      'a' => 2,
                      'w' => 'волн'
                    }
                  ],
          'ре' => [
                    {
                      'a' => 5,
                      'w' => 'волны'
                    },
                    {
                      'a' => 2,
                      'w' => 'волны'
                    }
                  ]
        };
