благодетельствовать <> _имеется прич. страд. наст._ <> благодетельствовать 7 нсв нп 2а, _имеется прич. страд. наст._
везти <> _имеется прич. страд. наст._ везОмый <> везти 5 нсв 7в/в, Ё (_передвигать_), _имеется прич. страд. наст._ (_устар._) везОмый
вести <> _имеется прич. страд. наст._ ведОмый <> вести 5 нсв 7в/в (-д-), Ё (_но прич. прош._ вЕдший); _имеется прич. страд. наст._ (_устар._) ведОмый
винтить <> //4с <> винтить 5 нсв 4в"8"//4с, (_ввЁртывать или отвЁртывать_: винт, шурУп)
влечь <> _имеется прич. страд. наст._ влекОмый <> влечь 3 нсв 8в/в (-к-), Ё (_увлекать, тащить_), _имеется прич. страд. наст._ (_устар._) влекОмый
все <> _склоняется как_ мн. одуш. _от_ 1 весь <> все 3 мс, _склоняется как_ мн. одуш. _от_ 1 весь
всё <> _склоняется как_ с ед. _от_ 1 весь <> все 3,3 мс, _склоняется как_ с ед. _от_ 1 весь
всякая <> _склоняется как_ жо ед. _от_ всЯкий <> всякая 3 мс, _склоняется как_ жо ед. _от_ всЯкий
всякий <> _склоняется как_ мо ед. _от мс-п_ всЯкий <> всякий 3 мс, _склоняется как_ мо ед. _от мс-п_ всЯкий
гнить <> carrion corrupt decay decompose putrefy rot <> гнить 3 нсв нп 12в/с, _повел. затрудн._ _деепр. затрудн._ carrion corrupt decay decompose putrefy rot
грясти <> _прош. нет_ _инф. устаревш._ <> грясти 6 нсв нп 7в/в (-д-), _прош. нет_ _инф. устаревш._
данный <> _не смешивать с прич. страд. от_ дать, (1а/в) <> данный 2 мс-п п 1а (_этот_); _не смешивать с прич. страд. от_ дать, (1*а/в"2")
детки <> _и_ дЕтка <> детки 2 мн. _от_ ребЁночек (_см._) _и_ дЕтка
достигать <> _имеется страд._ <> достигать 7 нсв нп 1а, _имеется страд._ $3(достИгнуть//достИчь)
достигнуть <> _имеется прич. страд._ <> достигнуть 5 св нп 3**а["6"], _имеется прич. страд._ [_инф. также_ достИчь] $II
достичь <> _имеется прич.страд._ <> достичь 5 св нп 3**а["6"], _имеется прич.страд._ [_инф. также_ достИгнуть] $II
заданный <> _не смешивать с прич. страд. от_ задАть (1*а'"2") <> заданный 2 п 1*а"1" (_определенный_); _не смешивать с прич. страд. от_ задАть (1*а'"2")
избегать <> _имеется страд._ <> избегать 6 нсв нп 1а, _имеется страд._ $5(избежАть)//3(_избЕгнуть_)
избегнуть <> _имеется прич. страд._ <> избегнуть 4 св нп 3**а["5""6"] _имеется прич. страд._ [//избежАть] $II
каждая <> _склоняется как_ жо ед. _от_ кАждый <> каждая 2 мс, _склоняется как_ жо ед. _от_ кАждый
каждый <> _сочетается только с сущ. в ед. числе_ , _с_ рLURаLIа таNтUм _и с группами из числ. и сущ._ (__кАждые трИ днЯ) <> каждый 2 мс-п п 1а; _сочетается только с сущ. в ед. числе_ (__кАждый дЕнь), _с_ рLURаLIа таNтUм (_см. стр. 5; _ кАждые сУтки) _и с группами из числ. и сущ._ (__кАждые трИ днЯ)
каждый <> _склоняется как_ мо ед. _от мс-п_ кАждый <> каждый 2 мс, _склоняется как_ мо ед. _от мс-п_ кАждый
какой-либо <> _склон. см._ какОй <> какой-либо 4 мс-п, _склон. см._ какОй
какой-нибудь <> _склон. см._ какОй <> какой-нибудь 4 мс-п, _склон. см._ какОй
какой-то <> _склон. см._ какОй <> какой-то 4 мс-п, _склон. см._ какОй
кафе-закусочная <> _склоняется только вторая часть_ <> кафе-закусочная 9 с//ж, _склоняется только вторая часть_ (_как_ ж п 1а)
кафе-мороженое <> _склоняется только вторая часть_ <> кафе-мороженое 9 с, _склоняется только вторая часть_
кое-кто <> _склон. см._ кто _и_ <> кое-кто 7.2 мс, _склон. см._ кто _и_ #12
кое-что <> _склон. см._ что _и_ <> кое-что 7.2 мс, _склон. см._ что _и_ #12
кой-кто <> _склон. см._ кто _и_ <> кой-кто 7.2 мс, _склон. см._ кто _и_ #12
кой-что <> _склон. см._ что _и_ <> кой-что 7.2 мс, _склон. см._ что _и_ #12
колебать <> _имеется прич. страд. наст._ <> колебать 6 нсв 6а?, _имеется прич. страд. наст._
комедия-буфф <> _склоняется только первая часть_ <> комедия-буфф 10 ж, _склоняется только первая часть_
который-либо <> _склон. см._ котОрый <> который-либо 4 мс-п, _склон. см._ котОрый
который-нибудь <> _склон. см._ котОрый <> который-нибудь 4 мс-п, _склон. см._ котОрый
который-то <> _склон. см._ котОрый <> который-то 4 мс-п, _склон. см._ котОрый
лотерея-аллегри <> _склоняется первая часть_ <> лотерея-аллегри 12 ж, _склоняется первая часть_
любая <> _склоняется как_ жо ед. _от_ любОй <> любая 4 мс, _склоняется как_ жо ед. _от_ любОй
любой <> _склоняется как_ мо ед. _от мс-п_ любОй <> любой 4 мс, _склоняется как_ мо ед. _от мс-п_ любОй
мало <> В.=И., других форм нет_ <> мало 2 В.=И., других форм нет_
минуть <> _повел. затрудн_ <> минуть 4 св 3с!, _буд. 1 ед. затрудн._ _повел. затрудн_ @ _прош._ мИнУл, -а, минУвший [_в знач. "исполниться - о возрасте" только_ мИнул, -а, минУвший]
многие <> _склоняется как_ мн. одуш. _от_ мнОгий <> многие 3 мс, _склоняется как_ мн. одуш. _от_ мнОгий
многий <> _в современном языке сочетается только с сущ. во мн. числе; см. также_ мнОгие, мнОгое, мнОго <> многий 3 мс-п п 3а; _в современном языке сочетается только с сущ. во мн. числе; см. также_ мнОгие, мнОгое, мнОго
мястись <> _прош. нет_ _инф. устаревш._ <> мястись 5 нсв 7в/в (-т-), _прош. нет_ _инф. устаревш._
надевать <> _имеется прич. страд._ надЁванный <> надевать 6 нсв 1а, _имеется прич. страд._ (_простореч._) надЁванный $15
некоторые <> _склоняется как_ мн. одуш. _от_ нЕкоторый <> некоторые 2 мс, _склоняется как_ мн. одуш. _от_ нЕкоторый
некоторый <> _сочетается с сущ. в обоих числах_ <> некоторый 2 мс-п п 1а (_какой-то, точно не определенный_); _сочетается с сущ. в обоих числах_: нЕкоторая чАсть; данЫ нЕкоторые тОчки А и В
некоторый <> _сочетается только с сущ. во мн. числе_ <> некоторый 2 мс-п п 1а (_не все, часть_); _сочетается только с сущ. во мн. числе_: нЕкоторые гОсти ужЕ ушлИ; _см. также_ нЕкоторые
немногие <> _склоняется как_ мн. одуш. _от_ немнОгий <> немногие 5 мс, _склоняется как_ мн. одуш. _от_ немнОгий
немногий <> _в современном языке сочетается только с сущ. во мн. числе; см. также_ немнОгие, немнОгое, немнОго <> немногий 5 мс-п п 3а; _в современном языке сочетается только с сущ. во мн. числе; см. также_ немнОгие, немнОгое, немнОго
нести <> _имеется прич. страд. наст._ несОмый <> нести 5 нсв 7в/в (-с-), Ё, _имеется прич. страд. наст._ (_устар._) несОмый
нечто <> _В.=И., других форм нет_ <> нечто 2 мс, _В.=И., других форм нет_
образовать <> (нсв в наст.-буд.) <> образовать 8 св-нсв 2а (нсв в наст.-буд.) (_составить_) $ _нсв также_ I
образоваться <> (нсв в наст.-буд.) <> образоваться 8 св-нсв 2а (нсв в наст.-буд.) $_нсв также_ I
опера-буфф <> _склоняется только первая часть_ <> опера-буфф 8 ж, _склоняется только первая часть_
организовать <> (нсв в наст.-буд.) <> организовать 10 св-нсв 2а (нсв в наст.-буд.) $ _нсв также_ I
организоваться <> (нсв в наст.-буд.) <> организоваться 10 св-нсв 2а (нсв в наст.-буд.) $ _нсв также_ I
отмстить <> _имеется страд._ <> отмстить 6 св нп 4в, _имеется страд._ $II [//отомстИть]
отмщать <> _имеется страд._ <> отмщать 5 нсв нп 1а, _имеется страд._ $4(-стИть) [//отомщАть, нсв нп 1а, _имеется страд._ $4(-стИть)]
отомстить <> _имеется страд._ <> отомстить 7 св нп 4в, _имеется страд._ $II [//отмстИть]
отчудить <> _все формы, кроме прич. страд., - устаревшие_ <> отчудить 6 св 4в (_отобрать - о собственности_), _буд. 1 ед. затрудн._; _прич. страд._ -жд-; _все формы, кроме прич. страд., - устаревшие_
парад-алле <> _склоняется первая часть_ <> парад-алле 10 м, _склоняется первая часть_
пасти <> _имеется прич. страд. наст._ пасОмый <> пасти 5 нсв 7в/в (-с-), _имеется прич. страд. наст._ (_устар._) пасОмый
пламень <> _В. ед._=_И. ед._, _других форм нет; см. также_ плАмя <> пламень 3 м, _В. ед._=_И. ед._, _других форм нет; см. также_ плАмя
подёрнуть <> _имеется прич. страд._ <> подернуть 4,4 св 3а, безл.; _имеется прич. страд._
покровительствовать <> _имеется прич. страд. наст._ <> покровительствовать 7 нсв нп 2а, _имеется прич. страд. наст._
польстить <> _имеется прич. страд._ <> польстить 7 св нп 4в, _имеется прич. страд._
преобразовать <> 2а <> преобразовать 11 св-нсв 2а [_нсв в наст.-буд._] 2а $ _нсв также_ I
ради <> _и_ послелог <> ради 2 предл. _и_ послелог
родить <> _и_ 4в  <> родить 4 св-нсв, 4в/с (_в св_) _и_ 4в (_в нсв_), _прич. страд._ -жд- $ _нсв также_ II(рождАть) (_во всех знач._) _и_ II(рожАть) (_в знач. "произвести на свет младенца; принести урожай - о земле"_)
родиться <> _и_ 4в (_в нсв_) <> родиться 4 св-нсв, 4в/с'' (_прош. м_ родИлсЯ) (_в св_) _и_ 4в (_в нсв_) $ _нсв также_ II(рождАться)
руководить <> _имеется прич. страд. наст._ <> руководить 8 нсв нп 4в, _имеется прич. страд. наст._
сие <> _склоняется как_ со ед. _от_ сей <> сие 3 мс, _склоняется как_ со ед. _от_ сей
ставни <> _и_ стАвень м 2*а <> ставни 3 мн. _от_ стАвня ж 2*а _и_ стАвень м 2*а
такой-то <> _склон. см._ такОй <> такой-то 4 мс-п, _склон. см._ такОй
тот-то <> _склон. см._ тот <> тот-то 2 мс-п, _склон. см._ тот
тянуть <> _деепр._ тянЯ <> тянуть 4 нсв 3с, _деепр._ тянЯ (_затрудн._)
тянуться <> _деепр._ тянЯсь <> тянуться 4 нсв 3с, _деепр._ тянЯсь (_затрудн._)
управлять <> _имеется страд._ <> управлять 7 нсв нп 1а, _имеется страд._
чей-либо <> _склон. см._ чей <> чей-либо 2 мс-п, _склон. см._ чей
чей-нибудь <> _склон. см._ чей <> чей-нибудь 2 мс-п, _склон. см._ чей
чей-то <> _склон. см._ чей <> чей-то 2 мс-п, _склон. см._ чей
честь <> (), _прош. нет_ _прочие формы устаревш._  <> честь 2 нсв 7в/в (-т-)(?), _прош. нет_ _прочие формы устаревш._ (_считать, полагать; читать_), @ _наст._ чту, чтЁт
