prprof2.
.спг..м-ж..мс-п...числ-п..............................................................
39,106,074 inferences in 184.42 seconds (212049 Lips)
Predicate                   Box Entries =     Calls+Redos = Exits+Fails    Time
===============================================================================
zaliz:wf_suffix_tab/8         1,375,486 =1,246,879+128,607 = 1,246,879+128,607 18.9%
zaliz:wordform2/3             1,166,204 =1,138,407+27,797 = 1,138,407+27,797 9.5%
zaliz:wf_postproc_wf/4        1,681,070 =1,110,508+570,562 = 1,110,508+570,562 7.6%
zaliz:wf_suffix_tab_pre/3     1,116,752 =     1,116,752+0 = 1,116,752+0    7.0%
string_concat/3               1,091,128 =     1,091,128+0 = 1,091,128+0    5.1%
member/2                      4,833,195 =2,862,699+1,970,496 = 2,047,267+2,785,928 4.9%
zaliz:get_wf_info/4           1,110,926 =   1,110,768+158 = 1,110,610+316  3.5%
zaliz:post_proc/4             1,412,234 =1,093,912+318,322 = 1,093,912+318,322 3.4%
=/2                           2,381,714 =     2,381,714+0 = 1,598,977+782,737 3.0%
append/3                      1,365,974 =1,348,589+17,385 = 1,012,882+353,092 2.9%
memberchk/2                   1,819,233 =     1,819,233+0 = 1,783,288+35,945 2.5%
zaliz:wf_add_suffix/4         1,111,534 =     1,111,534+0 = 1,111,534+0    2.3%
string_to_list/2                631,539 =       631,539+0 = 631,539+0      2.2%
zaliz:wordform_wf/3           1,138,305 =     1,138,305+0 = 1,138,305+0    1.8%
zaliz:wordform/3              1,138,305 =     1,138,305+0 = 1,138,305+0    1.7%
==/2                          1,790,341 =     1,790,341+0 = 1,110,768+679,573 1.4%
zaliz:get_paradigms/2            93,726 =        93,723+3 = 93,723+3       1.4%
zaliz:type2type/2             1,093,912 =     1,093,912+0 = 1,093,912+0    1.2%
z0:w/4                           96,872 =        1+96,871 = 1+96,871       1.2%
zaliz:get_suffix_accent/3     1,111,683 =   1,110,768+915 = 1,110,610+1,073 1.1%
zaliz:get_accent/4            1,110,610 =     1,110,610+0 = 1,110,610+0    1.1%
zaliz:replace_first_char/4      412,368 =       412,368+0 = 412,368+0      1.0%
is/2                            342,371 =       342,371+0 = 245,569+96,802 1.0%
copy_term/2                     256,767 =       256,767+0 = 256,767+0      1.0%
$alt/0                        1,277,193 =     0+1,277,193 = 0+1,277,193    0.9%
,/2                             193,815 =       193,815+0 = 193,815+0      0.7%
zaliz:wbase_str2/3              229,699 =  93,723+135,976 = 93,723+135,976 0.6%
flag/3                           96,871 =        96,871+0 = 96,871+0       0.6%
substring/4                     172,091 =       172,091+0 = 151,705+20,386 0.5%
zaliz:get_all_inf/3              93,723 =        93,723+0 = 93,723+0       0.5%
zaliz:wi2paradigm/2              96,942 =        96,942+0 = 96,942+0       0.4%
string_to_atom/2                 93,723 =        93,723+0 = 93,723+0       0.3%
zaliz:word_suffix/4              86,046 =        86,046+0 = 86,046+0       0.3%
zaliz:get_base_wbase/3          111,108 =   93,723+17,385 = 93,723+17,385  0.2%
pr_count/0                       96,872 =        96,872+0 = 96,872+0       0.2%
zaliz:get_morpho_inf/5           93,723 =        93,723+0 = 93,723+0       0.2%
zaliz:get_syntax_inf/4           93,723 =        93,723+0 = 93,723+0       0.2%
string_length/2                 159,557 =       159,557+0 = 159,557+0      0.1%
zaliz:wbase_str/4                93,723 =        93,723+0 = 93,723+0       0.1%
zaliz:get_syntax_inf2/4          93,723 =        93,723+0 = 93,723+0       0.1%
fail/0                           69,145 =        69,145+0 = 0+69,145       0.0%
zaliz:has_running_vowel/2        42,020 =   30,787+11,233 = 30,787+11,233  0.0%
zaliz:set_running_vowel/3        20,405 =        20,405+0 = 20,405+0       0.0%
zaliz:get_running_vowel/3        19,554 =        19,554+0 = 19,554+0       0.0%
$record_bag/1                        76 =            76+0 = 76+0           0.0%
flush/0                              76 =            76+0 = 76+0           0.0%
write/1                              75 =            75+0 = 75+0           0.0%
zaliz:paradigms/2                    14 =             6+8 = 3+11           0.0%
zaliz:numbers/2                      11 =            11+0 = 11+0           0.0%
zaliz:num/1                          11 =            11+0 = 11+0           0.0%

Yes
